<?xml version="1.0" encoding="UTF-8"?>
<testng-results skipped="0" failed="0" ignored="0" total="1" passed="1">
  <reporter-output>
  </reporter-output>
  <suite name="Default suite" duration-ms="12134" started-at="2018-08-13T10:27:25Z" finished-at="2018-08-13T10:27:37Z">
    <groups>
    </groups>
    <test name="Default test" duration-ms="12134" started-at="2018-08-13T10:27:25Z" finished-at="2018-08-13T10:27:37Z">
      <class name="com.rsk.CustomHTMLReport.Test.e2ETest">
        <test-method status="PASS" signature="Setup()[pri:0, instance:com.rsk.CustomHTMLReport.Test.e2ETest@685cb137]" name="Setup" is-config="true" duration-ms="7110" started-at="2018-08-13T10:27:25Z" finished-at="2018-08-13T10:27:32Z">
          <reporter-output>
          </reporter-output>
        </test-method> <!-- Setup -->
        <test-method status="PASS" signature="MercuryToursLogin()[pri:0, instance:com.rsk.CustomHTMLReport.Test.e2ETest@685cb137]" name="MercuryToursLogin" duration-ms="4703" started-at="2018-08-13T10:27:32Z" finished-at="2018-08-13T10:27:37Z">
          <reporter-output>
          </reporter-output>
        </test-method> <!-- MercuryToursLogin -->
        <test-method status="PASS" signature="tearDown()[pri:0, instance:com.rsk.CustomHTMLReport.Test.e2ETest@685cb137]" name="tearDown" is-config="true" duration-ms="294" started-at="2018-08-13T10:27:37Z" finished-at="2018-08-13T10:27:37Z">
          <reporter-output>
          </reporter-output>
        </test-method> <!-- tearDown -->
      </class> <!-- com.rsk.CustomHTMLReport.Test.e2ETest -->
    </test> <!-- Default test -->
  </suite> <!-- Default suite -->
</testng-results>
